C:\Program Files (x86)\MSBuild\Microsoft.Cpp\v4.0\V140\Microsoft.CppBuild.targets(367,5): warning MSB8004: Intermediate Directory does not end with a trailing slash.  This build instance will add the slash as it is required to allow proper evaluation of the Intermediate Directory.
C:\Program Files (x86)\MSBuild\Microsoft.Cpp\v4.0\V140\Microsoft.CppBuild.targets(368,5): warning MSB8004: Output Directory does not end with a trailing slash.  This build instance will add the slash as it is required to allow proper evaluation of the Output Directory.
  server.cpp
c:\users\liujinhao\documents\visual studio 2015\projects\cppnet100\hellosocket\easytcpserver\cellclient.hpp(145): warning C4477: “printf”: 格式字符串“%d”需要类型“int”的参数，但可变参数 1 拥有了类型“SOCKET”
  c:\users\liujinhao\documents\visual studio 2015\projects\cppnet100\hellosocket\easytcpserver\cellclient.hpp(145): note: 请考虑在格式字符串中使用“%lld”
  c:\users\liujinhao\documents\visual studio 2015\projects\cppnet100\hellosocket\easytcpserver\cellclient.hpp(145): note: 请考虑在格式字符串中使用“%Id”
  c:\users\liujinhao\documents\visual studio 2015\projects\cppnet100\hellosocket\easytcpserver\cellclient.hpp(145): note: 请考虑在格式字符串中使用“%I64d”
c:\users\liujinhao\documents\visual studio 2015\projects\cppnet100\hellosocket\easytcpserver\cellclient.hpp(145): warning C4477: “printf”: 格式字符串“%d”需要类型“int”的参数，但可变参数 2 拥有了类型“time_t”
  c:\users\liujinhao\documents\visual studio 2015\projects\cppnet100\hellosocket\easytcpserver\cellclient.hpp(145): note: 请考虑在格式字符串中使用“%lld”
  c:\users\liujinhao\documents\visual studio 2015\projects\cppnet100\hellosocket\easytcpserver\cellclient.hpp(145): note: 请考虑在格式字符串中使用“%Id”
  c:\users\liujinhao\documents\visual studio 2015\projects\cppnet100\hellosocket\easytcpserver\cellclient.hpp(145): note: 请考虑在格式字符串中使用“%I64d”
c:\users\liujinhao\documents\visual studio 2015\projects\cppnet100\hellosocket\easytcpserver\cellserver.hpp(139): warning C4244: “参数”: 从“SOCKET”转换到“int”，可能丢失数据
c:\users\liujinhao\documents\visual studio 2015\projects\cppnet100\hellosocket\easytcpserver\cellserver.hpp(209): warning C4018: “<”: 有符号/无符号不匹配
c:\users\liujinhao\documents\visual studio 2015\projects\cppnet100\hellosocket\easytcpserver\cellserver.hpp(248): warning C4018: “<”: 有符号/无符号不匹配
c:\users\liujinhao\documents\visual studio 2015\projects\cppnet100\hellosocket\easytcpserver\easytcpserver.hpp(119): warning C4477: “printf”: 格式字符串“%d”需要类型“int”的参数，但可变参数 1 拥有了类型“SOCKET”
  c:\users\liujinhao\documents\visual studio 2015\projects\cppnet100\hellosocket\easytcpserver\easytcpserver.hpp(119): note: 请考虑在格式字符串中使用“%lld”
  c:\users\liujinhao\documents\visual studio 2015\projects\cppnet100\hellosocket\easytcpserver\easytcpserver.hpp(119): note: 请考虑在格式字符串中使用“%Id”
  c:\users\liujinhao\documents\visual studio 2015\projects\cppnet100\hellosocket\easytcpserver\easytcpserver.hpp(119): note: 请考虑在格式字符串中使用“%I64d”
c:\users\liujinhao\documents\visual studio 2015\projects\cppnet100\hellosocket\easytcpserver\easytcpserver.hpp(122): warning C4477: “printf”: 格式字符串“%d”需要类型“int”的参数，但可变参数 1 拥有了类型“SOCKET”
  c:\users\liujinhao\documents\visual studio 2015\projects\cppnet100\hellosocket\easytcpserver\easytcpserver.hpp(122): note: 请考虑在格式字符串中使用“%lld”
  c:\users\liujinhao\documents\visual studio 2015\projects\cppnet100\hellosocket\easytcpserver\easytcpserver.hpp(122): note: 请考虑在格式字符串中使用“%Id”
  c:\users\liujinhao\documents\visual studio 2015\projects\cppnet100\hellosocket\easytcpserver\easytcpserver.hpp(122): note: 请考虑在格式字符串中使用“%I64d”
c:\users\liujinhao\documents\visual studio 2015\projects\cppnet100\hellosocket\easytcpserver\easytcpserver.hpp(253): warning C4244: “参数”: 从“SOCKET”转换到“int”，可能丢失数据
c:\users\liujinhao\documents\visual studio 2015\projects\cppnet100\hellosocket\easytcpserver\easytcpserver.hpp(280): warning C4477: “printf”: 格式字符串“%d”需要类型“int”的参数，但可变参数 3 拥有了类型“SOCKET”
  c:\users\liujinhao\documents\visual studio 2015\projects\cppnet100\hellosocket\easytcpserver\easytcpserver.hpp(280): note: 请考虑在格式字符串中使用“%lld”
  c:\users\liujinhao\documents\visual studio 2015\projects\cppnet100\hellosocket\easytcpserver\easytcpserver.hpp(280): note: 请考虑在格式字符串中使用“%Id”
  c:\users\liujinhao\documents\visual studio 2015\projects\cppnet100\hellosocket\easytcpserver\easytcpserver.hpp(280): note: 请考虑在格式字符串中使用“%I64d”
c:\users\liujinhao\documents\visual studio 2015\projects\cppnet100\hellosocket\easytcpserver\server.cpp(87): warning C4477: “printf”: 格式字符串“%d”需要类型“int”的参数，但可变参数 1 拥有了类型“SOCKET”
  c:\users\liujinhao\documents\visual studio 2015\projects\cppnet100\hellosocket\easytcpserver\server.cpp(87): note: 请考虑在格式字符串中使用“%lld”
  c:\users\liujinhao\documents\visual studio 2015\projects\cppnet100\hellosocket\easytcpserver\server.cpp(87): note: 请考虑在格式字符串中使用“%Id”
  c:\users\liujinhao\documents\visual studio 2015\projects\cppnet100\hellosocket\easytcpserver\server.cpp(87): note: 请考虑在格式字符串中使用“%I64d”
c:\users\liujinhao\documents\visual studio 2015\projects\cppnet100\hellosocket\easytcpserver\server.cpp(114): warning C4996: 'scanf': This function or variable may be unsafe. Consider using scanf_s instead. To disable deprecation, use _CRT_SECURE_NO_WARNINGS. See online help for details.
  c:\program files (x86)\windows kits\10\include\10.0.10240.0\ucrt\stdio.h(1270): note: 参见“scanf”的声明
  EasyTcpServer.vcxproj -> C:\Users\liujinhao\Documents\Visual Studio 2015\Projects\CppNet100\HelloSocket\../bin/x64/Debug\EasyTcpServer.exe
  EasyTcpServer.vcxproj -> C:\Users\liujinhao\Documents\Visual Studio 2015\Projects\CppNet100\HelloSocket\../bin/x64/Debug\EasyTcpServer.pdb (Full PDB)
