C:\Program Files (x86)\MSBuild\Microsoft.Cpp\v4.0\V140\Microsoft.CppBuild.targets(367,5): warning MSB8004: Intermediate Directory does not end with a trailing slash.  This build instance will add the slash as it is required to allow proper evaluation of the Intermediate Directory.
C:\Program Files (x86)\MSBuild\Microsoft.Cpp\v4.0\V140\Microsoft.CppBuild.targets(368,5): warning MSB8004: Output Directory does not end with a trailing slash.  This build instance will add the slash as it is required to allow proper evaluation of the Output Directory.
  client.cpp
c:\users\liujinhao\documents\visual studio 2015\projects\cppnet100\hellosocket\easytcpclient\EasyTcpClient.hpp(47): warning C4477: “printf”: 格式字符串“%d”需要类型“int”的参数，但可变参数 1 拥有了类型“SOCKET”
  c:\users\liujinhao\documents\visual studio 2015\projects\cppnet100\hellosocket\easytcpclient\EasyTcpClient.hpp(47): note: 请考虑在格式字符串中使用“%lld”
  c:\users\liujinhao\documents\visual studio 2015\projects\cppnet100\hellosocket\easytcpclient\EasyTcpClient.hpp(47): note: 请考虑在格式字符串中使用“%Id”
  c:\users\liujinhao\documents\visual studio 2015\projects\cppnet100\hellosocket\easytcpclient\EasyTcpClient.hpp(47): note: 请考虑在格式字符串中使用“%I64d”
c:\users\liujinhao\documents\visual studio 2015\projects\cppnet100\hellosocket\easytcpclient\EasyTcpClient.hpp(72): warning C4996: 'inet_addr': Use inet_pton() or InetPton() instead or define _WINSOCK_DEPRECATED_NO_WARNINGS to disable deprecated API warnings
  C:\Program Files (x86)\Windows Kits\8.1\Include\um\WinSock2.h(1850): note: 参见“inet_addr”的声明
c:\users\liujinhao\documents\visual studio 2015\projects\cppnet100\hellosocket\easytcpclient\EasyTcpClient.hpp(80): warning C4477: “printf”: 格式字符串“%d”需要类型“int”的参数，但可变参数 1 拥有了类型“SOCKET”
  c:\users\liujinhao\documents\visual studio 2015\projects\cppnet100\hellosocket\easytcpclient\EasyTcpClient.hpp(80): note: 请考虑在格式字符串中使用“%lld”
  c:\users\liujinhao\documents\visual studio 2015\projects\cppnet100\hellosocket\easytcpclient\EasyTcpClient.hpp(80): note: 请考虑在格式字符串中使用“%Id”
  c:\users\liujinhao\documents\visual studio 2015\projects\cppnet100\hellosocket\easytcpclient\EasyTcpClient.hpp(80): note: 请考虑在格式字符串中使用“%I64d”
c:\users\liujinhao\documents\visual studio 2015\projects\cppnet100\hellosocket\easytcpclient\EasyTcpClient.hpp(115): warning C4244: “参数”: 从“SOCKET”转换到“int”，可能丢失数据
c:\users\liujinhao\documents\visual studio 2015\projects\cppnet100\hellosocket\easytcpclient\EasyTcpClient.hpp(118): warning C4477: “printf”: 格式字符串“%d”需要类型“int”的参数，但可变参数 1 拥有了类型“SOCKET”
  c:\users\liujinhao\documents\visual studio 2015\projects\cppnet100\hellosocket\easytcpclient\EasyTcpClient.hpp(118): note: 请考虑在格式字符串中使用“%lld”
  c:\users\liujinhao\documents\visual studio 2015\projects\cppnet100\hellosocket\easytcpclient\EasyTcpClient.hpp(118): note: 请考虑在格式字符串中使用“%Id”
  c:\users\liujinhao\documents\visual studio 2015\projects\cppnet100\hellosocket\easytcpclient\EasyTcpClient.hpp(118): note: 请考虑在格式字符串中使用“%I64d”
c:\users\liujinhao\documents\visual studio 2015\projects\cppnet100\hellosocket\easytcpclient\EasyTcpClient.hpp(128): warning C4477: “printf”: 格式字符串“%d”需要类型“int”的参数，但可变参数 1 拥有了类型“SOCKET”
  c:\users\liujinhao\documents\visual studio 2015\projects\cppnet100\hellosocket\easytcpclient\EasyTcpClient.hpp(128): note: 请考虑在格式字符串中使用“%lld”
  c:\users\liujinhao\documents\visual studio 2015\projects\cppnet100\hellosocket\easytcpclient\EasyTcpClient.hpp(128): note: 请考虑在格式字符串中使用“%Id”
  c:\users\liujinhao\documents\visual studio 2015\projects\cppnet100\hellosocket\easytcpclient\EasyTcpClient.hpp(128): note: 请考虑在格式字符串中使用“%I64d”
c:\users\liujinhao\documents\visual studio 2015\projects\cppnet100\hellosocket\easytcpclient\EasyTcpClient.hpp(163): warning C4477: “printf”: 格式字符串“%d”需要类型“int”的参数，但可变参数 1 拥有了类型“SOCKET”
  c:\users\liujinhao\documents\visual studio 2015\projects\cppnet100\hellosocket\easytcpclient\EasyTcpClient.hpp(163): note: 请考虑在格式字符串中使用“%lld”
  c:\users\liujinhao\documents\visual studio 2015\projects\cppnet100\hellosocket\easytcpclient\EasyTcpClient.hpp(163): note: 请考虑在格式字符串中使用“%Id”
  c:\users\liujinhao\documents\visual studio 2015\projects\cppnet100\hellosocket\easytcpclient\EasyTcpClient.hpp(163): note: 请考虑在格式字符串中使用“%I64d”
c:\users\liujinhao\documents\visual studio 2015\projects\cppnet100\hellosocket\easytcpclient\EasyTcpClient.hpp(221): warning C4477: “printf”: 格式字符串“%d”需要类型“int”的参数，但可变参数 1 拥有了类型“SOCKET”
  c:\users\liujinhao\documents\visual studio 2015\projects\cppnet100\hellosocket\easytcpclient\EasyTcpClient.hpp(221): note: 请考虑在格式字符串中使用“%lld”
  c:\users\liujinhao\documents\visual studio 2015\projects\cppnet100\hellosocket\easytcpclient\EasyTcpClient.hpp(221): note: 请考虑在格式字符串中使用“%Id”
  c:\users\liujinhao\documents\visual studio 2015\projects\cppnet100\hellosocket\easytcpclient\EasyTcpClient.hpp(221): note: 请考虑在格式字符串中使用“%I64d”
c:\users\liujinhao\documents\visual studio 2015\projects\cppnet100\hellosocket\easytcpclient\EasyTcpClient.hpp(226): warning C4477: “printf”: 格式字符串“%d”需要类型“int”的参数，但可变参数 1 拥有了类型“SOCKET”
  c:\users\liujinhao\documents\visual studio 2015\projects\cppnet100\hellosocket\easytcpclient\EasyTcpClient.hpp(226): note: 请考虑在格式字符串中使用“%lld”
  c:\users\liujinhao\documents\visual studio 2015\projects\cppnet100\hellosocket\easytcpclient\EasyTcpClient.hpp(226): note: 请考虑在格式字符串中使用“%Id”
  c:\users\liujinhao\documents\visual studio 2015\projects\cppnet100\hellosocket\easytcpclient\EasyTcpClient.hpp(226): note: 请考虑在格式字符串中使用“%I64d”
client.cpp(12): warning C4996: 'scanf': This function or variable may be unsafe. Consider using scanf_s instead. To disable deprecation, use _CRT_SECURE_NO_WARNINGS. See online help for details.
  C:\Program Files (x86)\Windows Kits\10\Include\10.0.10240.0\ucrt\stdio.h(1270): note: 参见“scanf”的声明
client.cpp(90): warning C4996: 'strcpy': This function or variable may be unsafe. Consider using strcpy_s instead. To disable deprecation, use _CRT_SECURE_NO_WARNINGS. See online help for details.
  C:\Program Files (x86)\Windows Kits\10\Include\10.0.10240.0\ucrt\string.h(119): note: 参见“strcpy”的声明
client.cpp(91): warning C4996: 'strcpy': This function or variable may be unsafe. Consider using strcpy_s instead. To disable deprecation, use _CRT_SECURE_NO_WARNINGS. See online help for details.
  C:\Program Files (x86)\Windows Kits\10\Include\10.0.10240.0\ucrt\string.h(119): note: 参见“strcpy”的声明
  正在生成代码
  All 234 functions were compiled because no usable IPDB/IOBJ from previous compilation was found.
  已完成代码的生成
  EasyTcpClient.vcxproj -> C:\Users\liujinhao\Documents\Visual Studio 2015\Projects\CppNet100\HelloSocket\../bin/x64/Release\EasyTcpClient.exe
  EasyTcpClient.vcxproj -> C:\Users\liujinhao\Documents\Visual Studio 2015\Projects\CppNet100\HelloSocket\../bin/x64/Release\EasyTcpClient.pdb (Full PDB)
